
Demographic report

Years after leaving ark: 1
Year: -2369
Population: 11
Living: 11
Girls: 5
Men: 4
Women: 4
Adults: 8
Pregnant women: 3
Children per mother: 0
Avg. weeks pregnant: 15.333333333333
Children: 3

Demographic report

Years after leaving ark: 2
Year: -2368
Population: 16
Living: 16
Girls: 9
Men: 4
Women: 4
Adults: 8
Pregnant women: 2
Children per mother: 0
Avg. weeks pregnant: 13
Children: 8

Demographic report

Years after leaving ark: 3
Year: -2367
Population: 18
Living: 18
Girls: 9
Men: 4
Women: 4
Adults: 8
Pregnant women: 4
Children per mother: 0
Avg. weeks pregnant: 26.75
Children: 10

Demographic report

Years after leaving ark: 4
Year: -2366
Population: 22
Living: 20
Girls: 9
Men: 4
Women: 4
Adults: 8
Pregnant women: 4
Children per mother: 0
Avg. weeks pregnant: 22.25
Children: 12

Demographic report

Years after leaving ark: 5
Year: -2365
Population: 28
Living: 24
Girls: 10
Men: 4
Women: 4
Adults: 8
Pregnant women: 4
Children per mother: 0
Avg. weeks pregnant: 19.75
Children: 16

Demographic report

Years after leaving ark: 6
Year: -2364
Population: 32
Living: 25
Girls: 11
Men: 4
Women: 4
Adults: 8
Pregnant women: 3
Children per mother: 0
Avg. weeks pregnant: 17
Children: 17

Demographic report

Years after leaving ark: 7
Year: -2363
Population: 35
Living: 27
Girls: 12
Men: 4
Women: 4
Adults: 8
Pregnant women: 2
Children per mother: 0
Avg. weeks pregnant: 12
Children: 19

Demographic report

Years after leaving ark: 8
Year: -2362
Population: 38
Living: 30
Girls: 13
Men: 4
Women: 4
Adults: 8
Pregnant women: 2
Children per mother: 0
Avg. weeks pregnant: 27
Children: 22

Demographic report

Years after leaving ark: 9
Year: -2361
Population: 40
Living: 28
Girls: 14
Men: 3
Women: 4
Adults: 7
Pregnant women: 3
Children per mother: 0
Avg. weeks pregnant: 25
Children: 21

Demographic report

Years after leaving ark: 10
Year: -2360
Population: 44
Living: 31
Girls: 15
Men: 3
Women: 3
Adults: 6
Pregnant women: 2
Children per mother: 10
Avg. weeks pregnant: 22.5
Children: 25

Demographic report

Years after leaving ark: 11
Year: -2359
Population: 47
Living: 31
Girls: 14
Men: 3
Women: 3
Adults: 6
Pregnant women: 2
Children per mother: 10
Avg. weeks pregnant: 13
Children: 25

Demographic report

Years after leaving ark: 12
Year: -2358
Population: 48
Living: 27
Girls: 13
Men: 3
Women: 2
Adults: 5
Pregnant women: 2
Children per mother: 9.5
Avg. weeks pregnant: 13.5
Children: 22

Demographic report

Years after leaving ark: 13
Year: -2357
Population: 50
Living: 29
Girls: 15
Men: 3
Women: 2
Adults: 5
Pregnant women: 1
Children per mother: 9.5
Avg. weeks pregnant: 29
Children: 24

Demographic report

Years after leaving ark: 14
Year: -2356
Population: 52
Living: 29
Girls: 15
Men: 3
Women: 2
Adults: 5
Pregnant women: 1
Children per mother: 9.5
Avg. weeks pregnant: 20
Children: 24

Demographic report

Years after leaving ark: 15
Year: -2355
Population: 54
Living: 30
Girls: 15
Men: 4
Women: 2
Adults: 6
Pregnant women: 2
Children per mother: 9.5
Avg. weeks pregnant: 16.5
Children: 24

Demographic report

Years after leaving ark: 16
Year: -2354
Population: 56
Living: 29
Girls: 16
Men: 3
Women: 4
Adults: 7
Pregnant women: 4
Children per mother: 9.5
Avg. weeks pregnant: 14.75
Children: 22

Demographic report

Years after leaving ark: 17
Year: -2353
Population: 60
Living: 33
Girls: 18
Men: 3
Women: 4
Adults: 7
Pregnant women: 3
Children per mother: 9.5
Avg. weeks pregnant: 15.333333333333
Children: 26

Demographic report

Years after leaving ark: 18
Year: -2352
Population: 65
Living: 37
Girls: 19
Men: 2
Women: 4
Adults: 6
Pregnant women: 2
Children per mother: 9.5
Avg. weeks pregnant: 9
Children: 31

Demographic report

Years after leaving ark: 19
Year: -2351
Population: 69
Living: 40
Girls: 21
Men: 2
Women: 4
Adults: 6
Pregnant women: 3
Children per mother: 9.5
Avg. weeks pregnant: 22.333333333333
Children: 34

Demographic report

Years after leaving ark: 20
Year: -2350
Population: 73
Living: 43
Girls: 23
Men: 3
Women: 5
Adults: 8
Pregnant women: 4
Children per mother: 7.6666666666667
Avg. weeks pregnant: 21.75
Children: 35

Demographic report

Years after leaving ark: 21
Year: -2349
Population: 76
Living: 42
Girls: 21
Men: 3
Women: 4
Adults: 7
Pregnant women: 4
Children per mother: 9.2
Avg. weeks pregnant: 18.25
Children: 35

Demographic report

Years after leaving ark: 22
Year: -2348
Population: 79
Living: 44
Girls: 22
Men: 4
Women: 5
Adults: 9
Pregnant women: 4
Children per mother: 9.2
Avg. weeks pregnant: 31
Children: 35

Demographic report

Years after leaving ark: 23
Year: -2347
Population: 85
Living: 49
Girls: 24
Men: 5
Women: 5
Adults: 10
Pregnant women: 3
Children per mother: 9.2
Avg. weeks pregnant: 21.333333333333
Children: 39

Demographic report

Years after leaving ark: 24
Year: -2346
Population: 90
Living: 50
Girls: 23
Men: 5
Women: 7
Adults: 12
Pregnant women: 5
Children per mother: 9.2
Avg. weeks pregnant: 21.4
Children: 38

Demographic report

Years after leaving ark: 25
Year: -2345
Population: 97
Living: 53
Girls: 23
Men: 7
Women: 5
Adults: 12
Pregnant women: 3
Children per mother: 8
Avg. weeks pregnant: 16.333333333333
Children: 41

Demographic report

Years after leaving ark: 26
Year: -2344
Population: 102
Living: 54
Girls: 24
Men: 5
Women: 5
Adults: 10
Pregnant women: 4
Children per mother: 8
Avg. weeks pregnant: 15.75
Children: 44

Demographic report

Years after leaving ark: 27
Year: -2343
Population: 107
Living: 56
Girls: 26
Men: 5
Women: 6
Adults: 11
Pregnant women: 5
Children per mother: 8
Avg. weeks pregnant: 21.6
Children: 45

Demographic report

Years after leaving ark: 28
Year: -2342
Population: 113
Living: 60
Girls: 27
Men: 5
Women: 6
Adults: 11
Pregnant women: 4
Children per mother: 8
Avg. weeks pregnant: 24.75
Children: 49

Demographic report

Years after leaving ark: 29
Year: -2341
Population: 120
Living: 66
Girls: 30
Men: 6
Women: 7
Adults: 13
Pregnant women: 5
Children per mother: 8
Avg. weeks pregnant: 14.4
Children: 53

Demographic report

Years after leaving ark: 30
Year: -2340
Population: 127
Living: 72
Girls: 31
Men: 6
Women: 9
Adults: 15
Pregnant women: 6
Children per mother: 8
Avg. weeks pregnant: 20.666666666667
Children: 57

Demographic report

Years after leaving ark: 31
Year: -2339
Population: 137
Living: 79
Girls: 38
Men: 6
Women: 10
Adults: 16
Pregnant women: 9
Children per mother: 8
Avg. weeks pregnant: 19
Children: 63

Demographic report

Years after leaving ark: 32
Year: -2338
Population: 145
Living: 84
Girls: 41
Men: 9
Women: 10
Adults: 19
Pregnant women: 8
Children per mother: 8
Avg. weeks pregnant: 24.625
Children: 65

Demographic report

Years after leaving ark: 33
Year: -2337
Population: 155
Living: 92
Girls: 44
Men: 9
Women: 10
Adults: 19
Pregnant women: 6
Children per mother: 7.3333333333333
Avg. weeks pregnant: 20.666666666667
Children: 73

Demographic report

Years after leaving ark: 34
Year: -2336
Population: 166
Living: 101
Girls: 49
Men: 9
Women: 11
Adults: 20
Pregnant women: 8
Children per mother: 7.3333333333333
Avg. weeks pregnant: 16.875
Children: 81

Demographic report

Years after leaving ark: 35
Year: -2335
Population: 176
Living: 107
Girls: 50
Men: 10
Women: 11
Adults: 21
Pregnant women: 8
Children per mother: 7.3333333333333
Avg. weeks pregnant: 22.625
Children: 86

Demographic report

Years after leaving ark: 36
Year: -2334
Population: 189
Living: 116
Girls: 53
Men: 11
Women: 12
Adults: 23
Pregnant women: 10
Children per mother: 7.3333333333333
Avg. weeks pregnant: 17.6
Children: 93

Demographic report

Years after leaving ark: 37
Year: -2333
Population: 202
Living: 121
Girls: 55
Men: 14
Women: 12
Adults: 26
Pregnant women: 9
Children per mother: 7.8
Avg. weeks pregnant: 16.888888888889
Children: 95

Demographic report

Years after leaving ark: 38
Year: -2332
Population: 214
Living: 128
Girls: 59
Men: 16
Women: 13
Adults: 29
Pregnant women: 10
Children per mother: 7.8
Avg. weeks pregnant: 21.3
Children: 99

Demographic report

Years after leaving ark: 39
Year: -2331
Population: 229
Living: 136
Girls: 63
Men: 19
Women: 14
Adults: 33
Pregnant women: 12
Children per mother: 8.3636363636364
Avg. weeks pregnant: 20.166666666667
Children: 103

Demographic report

Years after leaving ark: 40
Year: -2330
Population: 246
Living: 142
Girls: 67
Men: 21
Women: 15
Adults: 36
Pregnant women: 11
Children per mother: 8.3636363636364
Avg. weeks pregnant: 17.909090909091
Children: 106

Demographic report

Years after leaving ark: 41
Year: -2329
Population: 259
Living: 144
Girls: 64
Men: 21
Women: 15
Adults: 36
Pregnant women: 11
Children per mother: 8.7692307692308
Avg. weeks pregnant: 20
Children: 108

Demographic report

Years after leaving ark: 42
Year: -2328
Population: 274
Living: 153
Girls: 71
Men: 21
Women: 15
Adults: 36
Pregnant women: 11
Children per mother: 8.7692307692308
Avg. weeks pregnant: 21.727272727273
Children: 117

Demographic report

Years after leaving ark: 43
Year: -2327
Population: 289
Living: 161
Girls: 82
Men: 22
Women: 17
Adults: 39
Pregnant women: 10
Children per mother: 8.7692307692308
Avg. weeks pregnant: 25.8
Children: 122

Demographic report

Years after leaving ark: 44
Year: -2326
Population: 303
Living: 165
Girls: 84
Men: 26
Women: 17
Adults: 43
Pregnant women: 12
Children per mother: 8.7692307692308
Avg. weeks pregnant: 27.833333333333
Children: 122

Demographic report

Years after leaving ark: 45
Year: -2325
Population: 326
Living: 178
Girls: 86
Men: 27
Women: 20
Adults: 47
Pregnant women: 12
Children per mother: 8.7692307692308
Avg. weeks pregnant: 18.666666666667
Children: 131

Demographic report

Years after leaving ark: 46
Year: -2324
Population: 345
Living: 190
Girls: 87
Men: 28
Women: 22
Adults: 50
Pregnant women: 16
Children per mother: 8.2142857142857
Avg. weeks pregnant: 21.0625
Children: 140

Demographic report

Years after leaving ark: 47
Year: -2323
Population: 366
Living: 203
Girls: 93
Men: 29
Women: 22
Adults: 51
Pregnant women: 12
Children per mother: 8.5625
Avg. weeks pregnant: 26.75
Children: 152

Demographic report

Years after leaving ark: 48
Year: -2322
Population: 386
Living: 209
Girls: 98
Men: 31
Women: 24
Adults: 55
Pregnant women: 16
Children per mother: 8.5625
Avg. weeks pregnant: 20.4375
Children: 154

Demographic report

Years after leaving ark: 49
Year: -2321
Population: 410
Living: 220
Girls: 103
Men: 32
Women: 23
Adults: 55
Pregnant women: 15
Children per mother: 9.5294117647059
Avg. weeks pregnant: 18.066666666667
Children: 165

Demographic report

Years after leaving ark: 50
Year: -2320
Population: 432
Living: 231
Girls: 109
Men: 33
Women: 23
Adults: 56
Pregnant women: 16
Children per mother: 9.2777777777778
Avg. weeks pregnant: 18.0625
Children: 175

Demographic report

Years after leaving ark: 51
Year: -2319
Population: 453
Living: 241
Girls: 113
Men: 35
Women: 24
Adults: 59
Pregnant women: 20
Children per mother: 9.2777777777778
Avg. weeks pregnant: 20.85
Children: 182

Demographic report

Years after leaving ark: 52
Year: -2318
Population: 479
Living: 255
Girls: 124
Men: 35
Women: 27
Adults: 62
Pregnant women: 16
Children per mother: 9.7368421052632
Avg. weeks pregnant: 18.0625
Children: 193

Demographic report

Years after leaving ark: 53
Year: -2317
Population: 505
Living: 267
Girls: 132
Men: 35
Women: 28
Adults: 63
Pregnant women: 22
Children per mother: 9.7142857142857
Avg. weeks pregnant: 17.090909090909
Children: 204

Demographic report

Years after leaving ark: 54
Year: -2316
Population: 530
Living: 273
Girls: 136
Men: 35
Women: 26
Adults: 61
Pregnant women: 22
Children per mother: 10
Avg. weeks pregnant: 18.863636363636
Children: 212

Demographic report

Years after leaving ark: 55
Year: -2315
Population: 556
Living: 280
Girls: 135
Men: 40
Women: 26
Adults: 66
Pregnant women: 23
Children per mother: 9.9259259259259
Avg. weeks pregnant: 19.478260869565
Children: 214

Demographic report

Years after leaving ark: 56
Year: -2314
Population: 582
Living: 294
Girls: 142
Men: 41
Women: 28
Adults: 69
Pregnant women: 19
Children per mother: 9.6896551724138
Avg. weeks pregnant: 26.052631578947
Children: 225

Demographic report

Years after leaving ark: 57
Year: -2313
Population: 608
Living: 313
Girls: 149
Men: 41
Women: 31
Adults: 72
Pregnant women: 21
Children per mother: 9.6896551724138
Avg. weeks pregnant: 23.666666666667
Children: 241

Demographic report

Years after leaving ark: 58
Year: -2312
Population: 643
Living: 340
Girls: 164
Men: 44
Women: 33
Adults: 77
Pregnant women: 21
Children per mother: 9.6896551724138
Avg. weeks pregnant: 22.142857142857
Children: 263

Demographic report

Years after leaving ark: 59
Year: -2311
Population: 675
Living: 353
Girls: 169
Men: 47
Women: 36
Adults: 83
Pregnant women: 22
Children per mother: 9.40625
Avg. weeks pregnant: 22.454545454545
Children: 270

Demographic report

Years after leaving ark: 60
Year: -2310
Population: 710
Living: 363
Girls: 175
Men: 50
Women: 38
Adults: 88
Pregnant women: 28
Children per mother: 9.40625
Avg. weeks pregnant: 18
Children: 275

Demographic report

Years after leaving ark: 61
Year: -2309
Population: 740
Living: 379
Girls: 180
Men: 53
Women: 45
Adults: 98
Pregnant women: 35
Children per mother: 9.40625
Avg. weeks pregnant: 21.942857142857
Children: 281

Demographic report

Years after leaving ark: 62
Year: -2308
Population: 783
Living: 399
Girls: 194
Men: 56
Women: 50
Adults: 106
Pregnant women: 32
Children per mother: 9.2424242424242
Avg. weeks pregnant: 22.53125
Children: 293

Demographic report

Years after leaving ark: 63
Year: -2307
Population: 829
Living: 423
Girls: 207
Men: 58
Women: 53
Adults: 111
Pregnant women: 35
Children per mother: 10.428571428571
Avg. weeks pregnant: 18.542857142857
Children: 312

Demographic report

Years after leaving ark: 64
Year: -2306
Population: 878
Living: 446
Girls: 216
Men: 62
Women: 55
Adults: 117
Pregnant women: 38
Children per mother: 10.578947368421
Avg. weeks pregnant: 18.026315789474
Children: 329

Demographic report

Years after leaving ark: 65
Year: -2305
Population: 922
Living: 459
Girls: 225
Men: 66
Women: 54
Adults: 120
Pregnant women: 36
Children per mother: 10.045454545455
Avg. weeks pregnant: 18.555555555556
Children: 339

Demographic report

Years after leaving ark: 66
Year: -2304
Population: 970
Living: 485
Girls: 244
Men: 70
Women: 58
Adults: 128
Pregnant women: 41
Children per mother: 10.044444444444
Avg. weeks pregnant: 17.09756097561
Children: 357

Demographic report

Years after leaving ark: 67
Year: -2303
Population: 1020
Living: 504
Girls: 255
Men: 69
Women: 63
Adults: 132
Pregnant women: 46
Children per mother: 10.458333333333
Avg. weeks pregnant: 16.152173913043
Children: 372

Demographic report

Years after leaving ark: 68
Year: -2302
Population: 1081
Living: 543
Girls: 280
Men: 67
Women: 68
Adults: 135
Pregnant women: 46
Children per mother: 10.458333333333
Avg. weeks pregnant: 17.304347826087
Children: 408

Demographic report

Years after leaving ark: 69
Year: -2301
Population: 1132
Living: 557
Girls: 286
Men: 70
Women: 70
Adults: 140
Pregnant women: 55
Children per mother: 10.592592592593
Avg. weeks pregnant: 19.218181818182
Children: 417

Demographic report

Years after leaving ark: 70
Year: -2300
Population: 1198
Living: 605
Girls: 314
Men: 75
Women: 74
Adults: 149
Pregnant women: 54
Children per mother: 10.803571428571
Avg. weeks pregnant: 20.351851851852
Children: 456

Demographic report

Years after leaving ark: 71
Year: -2299
Population: 1258
Living: 626
Girls: 330
Men: 70
Women: 73
Adults: 143
Pregnant women: 55
Children per mother: 10.467741935484
Avg. weeks pregnant: 20.672727272727
Children: 483

Demographic report

Years after leaving ark: 72
Year: -2298
Population: 1328
Living: 667
Girls: 361
Men: 75
Women: 75
Adults: 150
Pregnant women: 55
Children per mother: 10.363636363636
Avg. weeks pregnant: 21.290909090909
Children: 517

Demographic report

Years after leaving ark: 73
Year: -2297
Population: 1401
Living: 696
Girls: 375
Men: 78
Women: 77
Adults: 155
Pregnant women: 48
Children per mother: 9.9718309859155
Avg. weeks pregnant: 20.666666666667
Children: 541

Demographic report

Years after leaving ark: 74
Year: -2296
Population: 1476
Living: 745
Girls: 402
Men: 84
Women: 84
Adults: 168
Pregnant women: 53
Children per mother: 9.8904109589041
Avg. weeks pregnant: 20.490566037736
Children: 577

Demographic report

Years after leaving ark: 75
Year: -2295
Population: 1552
Living: 788
Girls: 425
Men: 83
Women: 89
Adults: 172
Pregnant women: 60
Children per mother: 9.8378378378378
Avg. weeks pregnant: 18.283333333333
Children: 616

Demographic report

Years after leaving ark: 76
Year: -2294
Population: 1635
Living: 830
Girls: 445
Men: 84
Women: 97
Adults: 181
Pregnant women: 68
Children per mother: 9.8961038961039
Avg. weeks pregnant: 20.735294117647
Children: 649

Demographic report

Years after leaving ark: 77
Year: -2293
Population: 1730
Living: 871
Girls: 462
Men: 88
Women: 99
Adults: 187
Pregnant women: 68
Children per mother: 9.8571428571429
Avg. weeks pregnant: 19.132352941176
Children: 684

Demographic report

Years after leaving ark: 78
Year: -2292
Population: 1829
Living: 934
Girls: 490
Men: 100
Women: 102
Adults: 202
Pregnant women: 68
Children per mother: 10.111111111111
Avg. weeks pregnant: 19.294117647059
Children: 732

Demographic report

Years after leaving ark: 79
Year: -2291
Population: 1921
Living: 978
Girls: 515
Men: 106
Women: 110
Adults: 216
Pregnant women: 85
Children per mother: 10.236559139785
Avg. weeks pregnant: 21.388235294118
Children: 762

Demographic report

Years after leaving ark: 80
Year: -2290
Population: 2025
Living: 1030
Girls: 536
Men: 112
Women: 121
Adults: 233
Pregnant women: 88
Children per mother: 10.288659793814
Avg. weeks pregnant: 20.568181818182
Children: 797

Demographic report

Years after leaving ark: 81
Year: -2289
Population: 2146
Living: 1094
Girls: 573
Men: 117
Women: 127
Adults: 244
Pregnant women: 97
Children per mother: 10.349514563107
Avg. weeks pregnant: 18.123711340206
Children: 850

Demographic report

Years after leaving ark: 82
Year: -2288
Population: 2266
Living: 1155
Girls: 589
Men: 132
Women: 137
Adults: 269
Pregnant women: 89
Children per mother: 10.036697247706
Avg. weeks pregnant: 21.775280898876
Children: 886

Demographic report

Years after leaving ark: 83
Year: -2287
Population: 2392
Living: 1213
Girls: 638
Men: 135
Women: 141
Adults: 276
Pregnant women: 95
Children per mother: 10.233333333333
Avg. weeks pregnant: 21.452631578947
Children: 937

Demographic report

Years after leaving ark: 84
Year: -2286
Population: 2537
Living: 1295
Girls: 679
Men: 142
Women: 158
Adults: 300
Pregnant women: 112
Children per mother: 10.040322580645
Avg. weeks pregnant: 20.776785714286
Children: 995

Demographic report

Years after leaving ark: 85
Year: -2285
Population: 2689
Living: 1379
Girls: 721
Men: 146
Women: 167
Adults: 313
Pregnant women: 120
Children per mother: 9.7384615384615
Avg. weeks pregnant: 21.683333333333
Children: 1066

Demographic report

Years after leaving ark: 86
Year: -2284
Population: 2857
Living: 1470
Girls: 769
Men: 149
Women: 187
Adults: 336
Pregnant women: 125
Children per mother: 9.8014705882353
Avg. weeks pregnant: 19.936
Children: 1134

Demographic report

Years after leaving ark: 87
Year: -2283
Population: 3031
Living: 1563
Girls: 823
Men: 159
Women: 192
Adults: 351
Pregnant women: 125
Children per mother: 9.6689655172414
Avg. weeks pregnant: 19.984
Children: 1212

Demographic report

Years after leaving ark: 88
Year: -2282
Population: 3204
Living: 1653
Girls: 860
Men: 172
Women: 199
Adults: 371
Pregnant women: 139
Children per mother: 9.5796178343949
Avg. weeks pregnant: 20.748201438849
Children: 1282

Demographic report

Years after leaving ark: 89
Year: -2281
Population: 3383
Living: 1753
Girls: 915
Men: 194
Women: 203
Adults: 397
Pregnant women: 142
Children per mother: 9.9640718562874
Avg. weeks pregnant: 20.978873239437
Children: 1356

Demographic report

Years after leaving ark: 90
Year: -2280
Population: 3578
Living: 1863
Girls: 959
Men: 206
Women: 215
Adults: 421
Pregnant women: 144
Children per mother: 9.7909604519774
Avg. weeks pregnant: 20.354166666667
Children: 1442

Demographic report

Years after leaving ark: 91
Year: -2279
Population: 3766
Living: 1950
Girls: 1000
Men: 213
Women: 225
Adults: 438
Pregnant women: 162
Children per mother: 9.7105263157895
Avg. weeks pregnant: 19.524691358025
Children: 1512

Demographic report

Years after leaving ark: 92
Year: -2278
Population: 3992
Living: 2072
Girls: 1066
Men: 219
Women: 246
Adults: 465
Pregnant women: 173
Children per mother: 9.8923076923077
Avg. weeks pregnant: 19.381502890173
Children: 1607

Demographic report

Years after leaving ark: 93
Year: -2277
Population: 4217
Living: 2199
Girls: 1132
Men: 236
Women: 250
Adults: 486
Pregnant women: 174
Children per mother: 9.8413461538462
Avg. weeks pregnant: 20.063218390805
Children: 1713

Demographic report

Years after leaving ark: 94
Year: -2276
Population: 4459
Living: 2326
Girls: 1202
Men: 250
Women: 267
Adults: 517
Pregnant women: 180
Children per mother: 9.8636363636364
Avg. weeks pregnant: 20.444444444444
Children: 1809

Demographic report

Years after leaving ark: 95
Year: -2275
Population: 4709
Living: 2438
Girls: 1289
Men: 261
Women: 273
Adults: 534
Pregnant women: 185
Children per mother: 9.8151260504202
Avg. weeks pregnant: 21.427027027027
Children: 1904

Demographic report

Years after leaving ark: 96
Year: -2274
Population: 4967
Living: 2568
Girls: 1358
Men: 271
Women: 288
Adults: 559
Pregnant women: 197
Children per mother: 9.7450199203187
Avg. weeks pregnant: 19.720812182741
Children: 2009

Demographic report

Years after leaving ark: 97
Year: -2273
Population: 5221
Living: 2688
Girls: 1422
Men: 283
Women: 314
Adults: 597
Pregnant women: 211
Children per mother: 9.8927203065134
Avg. weeks pregnant: 21.995260663507
Children: 2091

Demographic report

Years after leaving ark: 98
Year: -2272
Population: 5533
Living: 2866
Girls: 1482
Men: 308
Women: 331
Adults: 639
Pregnant women: 222
Children per mother: 9.8363636363636
Avg. weeks pregnant: 19.234234234234
Children: 2227

Demographic report

Years after leaving ark: 99
Year: -2271
Population: 5831
Living: 3012
Girls: 1552
Men: 325
Women: 340
Adults: 665
Pregnant women: 240
Children per mother: 9.6533333333333
Avg. weeks pregnant: 19.654166666667
Children: 2347

Demographic report

Years after leaving ark: 100
Year: -2270
Population: 6148
Living: 3183
Girls: 1649
Men: 347
Women: 362
Adults: 709
Pregnant women: 251
Children per mother: 9.7025316455696
Avg. weeks pregnant: 20.609561752988
Children: 2474

Demographic report

Years after leaving ark: 101
Year: -2269
Population: 6495
Living: 3340
Girls: 1746
Men: 365
Women: 387
Adults: 752
Pregnant women: 263
Children per mother: 9.7325227963526
Avg. weeks pregnant: 19.380228136882
Children: 2588

Demographic report

Years after leaving ark: 102
Year: -2268
Population: 6847
Living: 3543
Girls: 1839
Men: 395
Women: 420
Adults: 815
Pregnant women: 315
Children per mother: 9.7155172413793
Avg. weeks pregnant: 20.279365079365
Children: 2728

Demographic report

Years after leaving ark: 103
Year: -2267
Population: 7258
Living: 3756
Girls: 1967
Men: 404
Women: 440
Adults: 844
Pregnant women: 321
Children per mother: 9.8630136986301
Avg. weeks pregnant: 19.872274143302
Children: 2912

Demographic report

Years after leaving ark: 104
Year: -2266
Population: 7690
Living: 3963
Girls: 2091
Men: 433
Women: 465
Adults: 898
Pregnant women: 322
Children per mother: 9.6897435897436
Avg. weeks pregnant: 20.422360248447
Children: 3065

Demographic report

Years after leaving ark: 105
Year: -2265
Population: 8129
Living: 4203
Girls: 2199
Men: 458
Women: 477
Adults: 935
Pregnant women: 316
Children per mother: 9.5478468899522
Avg. weeks pregnant: 20.626582278481
Children: 3268

Demographic report

Years after leaving ark: 106
Year: -2264
Population: 8579
Living: 4426
Girls: 2307
Men: 478
Women: 506
Adults: 984
Pregnant women: 344
Children per mother: 9.6324200913242
Avg. weeks pregnant: 20.241279069767
Children: 3442

Demographic report

Years after leaving ark: 107
Year: -2263
Population: 9074
Living: 4690
Girls: 2464
Men: 522
Women: 535
Adults: 1057
Pregnant women: 368
Children per mother: 9.5245202558635
Avg. weeks pregnant: 18.83152173913
Children: 3633

Demographic report

Years after leaving ark: 108
Year: -2262
Population: 9576
Living: 4942
Girls: 2586
Men: 565
Women: 566
Adults: 1131
Pregnant women: 395
Children per mother: 9.478
Avg. weeks pregnant: 18.746835443038
Children: 3811

Demographic report

Years after leaving ark: 109
Year: -2261
Population: 10110
Living: 5231
Girls: 2705
Men: 586
Women: 608
Adults: 1194
Pregnant women: 416
Children per mother: 9.5547169811321
Avg. weeks pregnant: 20.283653846154
Children: 4037

Demographic report

Years after leaving ark: 110
Year: -2260
Population: 10679
Living: 5493
Girls: 2840
Men: 607
Women: 638
Adults: 1245
Pregnant women: 434
Children per mother: 9.5365418894831
Avg. weeks pregnant: 20.442396313364
Children: 4248

Demographic report

Years after leaving ark: 111
Year: -2259
Population: 11286
Living: 5796
Girls: 3004
Men: 635
Women: 665
Adults: 1300
Pregnant women: 451
Children per mother: 9.4442567567568
Avg. weeks pregnant: 19.933481152993
Children: 4496

Demographic report

Years after leaving ark: 112
Year: -2258
Population: 11910
Living: 6123
Girls: 3189
Men: 681
Women: 711
Adults: 1392
Pregnant women: 485
Children per mother: 9.3242375601926
Avg. weeks pregnant: 19.960824742268
Children: 4731

Demographic report

Years after leaving ark: 113
Year: -2257
Population: 12591
Living: 6493
Girls: 3380
Men: 712
Women: 756
Adults: 1468
Pregnant women: 530
Children per mother: 9.2480857580398
Avg. weeks pregnant: 20.215094339623
Children: 5025

Demographic report

Years after leaving ark: 114
Year: -2256
Population: 13314
Living: 6860
Girls: 3577
Men: 734
Women: 784
Adults: 1518
Pregnant women: 549
Children per mother: 9.3896848137536
Avg. weeks pregnant: 19.453551912568
Children: 5342

Demographic report

Years after leaving ark: 115
Year: -2255
Population: 14051
Living: 7232
Girls: 3773
Men: 777
Women: 833
Adults: 1610
Pregnant women: 581
Children per mother: 9.4127198917456
Avg. weeks pregnant: 19.753872633391
Children: 5622

Demographic report

Years after leaving ark: 116
Year: -2254
Population: 14831
Living: 7577
Girls: 3974
Men: 818
Women: 853
Adults: 1671
Pregnant women: 593
Children per mother: 9.4436090225564
Avg. weeks pregnant: 19.517706576729
Children: 5906

Demographic report

Years after leaving ark: 117
Year: -2253
Population: 15630
Living: 7950
Girls: 4176
Men: 864
Women: 918
Adults: 1782
Pregnant women: 648
Children per mother: 9.5536992840095
Avg. weeks pregnant: 19.695987654321
Children: 6168

Demographic report

Years after leaving ark: 118
Year: -2252
Population: 16518
Living: 8411
Girls: 4409
Men: 901
Women: 968
Adults: 1869
Pregnant women: 667
Children per mother: 9.4660633484163
Avg. weeks pregnant: 20.670164917541
Children: 6542

Demographic report

Years after leaving ark: 119
Year: -2251
Population: 17430
Living: 8881
Girls: 4632
Men: 958
Women: 1044
Adults: 2002
Pregnant women: 741
Children per mother: 9.5368763557484
Avg. weeks pregnant: 20.049932523617
Children: 6879

Demographic report

Years after leaving ark: 120
Year: -2250
Population: 18442
Living: 9388
Girls: 4872
Men: 1021
Women: 1119
Adults: 2140
Pregnant women: 791
Children per mother: 9.5098445595855
Avg. weeks pregnant: 20.529709228824
Children: 7248

Demographic report

Years after leaving ark: 121
Year: -2249
Population: 19539
Living: 9927
Girls: 5166
Men: 1070
Women: 1196
Adults: 2266
Pregnant women: 812
Children per mother: 9.5966796875
Avg. weeks pregnant: 20.428571428571
Children: 7661

Demographic report

Years after leaving ark: 122
Year: -2248
Population: 20684
Living: 10560
Girls: 5505
Men: 1145
Women: 1278
Adults: 2423
Pregnant women: 866
Children per mother: 9.5084269662921
Avg. weeks pregnant: 20.115473441109
Children: 8137

Demographic report

Years after leaving ark: 123
Year: -2247
Population: 21888
Living: 11198
Girls: 5793
Men: 1227
Women: 1304
Adults: 2531
Pregnant women: 897
Children per mother: 9.5624446412755
Avg. weeks pregnant: 20.479375696767
Children: 8667

Demographic report

Years after leaving ark: 124
Year: -2246
Population: 23110
Living: 11816
Girls: 6119
Men: 1290
Women: 1376
Adults: 2666
Pregnant women: 956
Children per mother: 9.4603174603175
Avg. weeks pregnant: 19.960251046025
Children: 9150

Demographic report

Years after leaving ark: 125
Year: -2245
Population: 24433
Living: 12527
Girls: 6500
Men: 1339
Women: 1461
Adults: 2800
Pregnant women: 1009
Children per mother: 9.5392
Avg. weeks pregnant: 20.187314172448
Children: 9727

Demographic report

Years after leaving ark: 126
Year: -2244
Population: 25794
Living: 13231
Girls: 6833
Men: 1394
Women: 1526
Adults: 2920
Pregnant women: 1071
Children per mother: 9.5943896891585
Avg. weeks pregnant: 20.078431372549
Children: 10311

Demographic report

Years after leaving ark: 127
Year: -2243
Population: 27258
Living: 13986
Girls: 7246
Men: 1472
Women: 1608
Adults: 3080
Pregnant women: 1133
Children per mother: 9.5382395382395
Avg. weeks pregnant: 19.211827007944
Children: 10906

Demographic report

Years after leaving ark: 128
Year: -2242
Population: 28779
Living: 14740
Girls: 7613
Men: 1562
Women: 1689
Adults: 3251
Pregnant women: 1196
Children per mother: 9.6291751874574
Avg. weeks pregnant: 19.613712374582
Children: 11489

Demographic report

Years after leaving ark: 129
Year: -2241
Population: 30385
Living: 15498
Girls: 8004
Men: 1629
Women: 1784
Adults: 3413
Pregnant women: 1274
Children per mother: 9.6940104166667
Avg. weeks pregnant: 19.559654631083
Children: 12085

Demographic report

Years after leaving ark: 130
Year: -2240
Population: 32066
Living: 16391
Girls: 8486
Men: 1713
Women: 1880
Adults: 3593
Pregnant women: 1298
Children per mother: 9.7549261083744
Avg. weeks pregnant: 20.076271186441
Children: 12798

Demographic report

Years after leaving ark: 131
Year: -2239
Population: 33837
Living: 17317
Girls: 8960
Men: 1785
Women: 1990
Adults: 3775
Pregnant women: 1403
Children per mother: 9.8005813953488
Avg. weeks pregnant: 20.389166072701
Children: 13542

Demographic report

Years after leaving ark: 132
Year: -2238
Population: 35771
Living: 18304
Girls: 9468
Men: 1895
Women: 2085
Adults: 3980
Pregnant women: 1440
Children per mother: 9.7954796030871
Avg. weeks pregnant: 20.140972222222
Children: 14324

Demographic report

Years after leaving ark: 133
Year: -2237
Population: 37756
Living: 19272
Girls: 9983
Men: 1993
Women: 2173
Adults: 4166
Pregnant women: 1487
Children per mother: 9.8379220779221
Avg. weeks pregnant: 20.038332212508
Children: 15106

Demographic report

Years after leaving ark: 134
Year: -2236
Population: 39770
Living: 20308
Girls: 10517
Men: 2109
Women: 2292
Adults: 4401
Pregnant women: 1585
Children per mother: 9.848499754058
Avg. weeks pregnant: 20.142586750789
Children: 15907

Demographic report

Years after leaving ark: 135
Year: -2235
Population: 41994
Living: 21419
Girls: 11044
Men: 2272
Women: 2446
Adults: 4718
Pregnant women: 1696
Children per mother: 9.8254041570439
Avg. weeks pregnant: 19.816627358491
Children: 16701

Demographic report

Years after leaving ark: 136
Year: -2234
Population: 44327
Living: 22634
Girls: 11718
Men: 2448
Women: 2587
Adults: 5035
Pregnant women: 1775
Children per mother: 9.8505897771953
Avg. weeks pregnant: 19.987042253521
Children: 17599

Demographic report

Years after leaving ark: 137
Year: -2233
Population: 46724
Living: 23784
Girls: 12340
Men: 2615
Women: 2731
Adults: 5346
Pregnant women: 1923
Children per mother: 9.8739184177998
Avg. weeks pregnant: 19.461258450338
Children: 18438

Demographic report

Years after leaving ark: 138
Year: -2232
Population: 49272
Living: 25058
Girls: 12909
Men: 2797
Women: 2875
Adults: 5672
Pregnant women: 1972
Children per mother: 9.8201016816582
Avg. weeks pregnant: 20.272819472617
Children: 19386

Demographic report

Years after leaving ark: 139
Year: -2231
Population: 52063
Living: 26466
Girls: 13678
Men: 2926
Women: 3066
Adults: 5992
Pregnant women: 2114
Children per mother: 9.7979910714286
Avg. weeks pregnant: 19.786660359508
Children: 20474

Demographic report

Years after leaving ark: 140
Year: -2230
Population: 54956
Living: 27896
Girls: 14449
Men: 3077
Women: 3228
Adults: 6305
Pregnant women: 2256
Children per mother: 9.7981715893108
Avg. weeks pregnant: 20.107712765957
Children: 21591

Demographic report

Years after leaving ark: 141
Year: -2229
Population: 57998
Living: 29440
Girls: 15282
Men: 3256
Women: 3429
Adults: 6685
Pregnant women: 2360
Children per mother: 9.7767797737858
Avg. weeks pregnant: 20.135169491525
Children: 22755

Demographic report

Years after leaving ark: 142
Year: -2228
Population: 61286
Living: 31140
Girls: 16145
Men: 3447
Women: 3625
Adults: 7072
Pregnant women: 2493
Children per mother: 9.8123425692695
Avg. weeks pregnant: 19.904131568391
Children: 24068

Demographic report

Years after leaving ark: 143
Year: -2227
Population: 64725
Living: 32904
Girls: 17024
Men: 3619
Women: 3851
Adults: 7470
Pregnant women: 2661
Children per mother: 9.7709396577604
Avg. weeks pregnant: 20.19128147313
Children: 25434

Demographic report

Years after leaving ark: 144
Year: -2226
Population: 68392
Living: 34786
Girls: 17997
Men: 3816
Women: 4068
Adults: 7884
Pregnant women: 2855
Children per mother: 9.7482299631832
Avg. weeks pregnant: 20.131698774081
Children: 26902

Demographic report

Years after leaving ark: 145
Year: -2225
Population: 72245
Living: 36761
Girls: 19042
Men: 4031
Women: 4271
Adults: 8302
Pregnant women: 3024
Children per mother: 9.7586484312148
Avg. weeks pregnant: 20.092261904762
Children: 28459

Demographic report

Years after leaving ark: 146
Year: -2224
Population: 76374
Living: 38946
Girls: 20221
Men: 4237
Women: 4523
Adults: 8760
Pregnant women: 3182
Children per mother: 9.7454777070064
Avg. weeks pregnant: 20.071653048397
Children: 30186

Demographic report

Years after leaving ark: 147
Year: -2223
Population: 80730
Living: 41232
Girls: 21474
Men: 4422
Women: 4757
Adults: 9179
Pregnant women: 3327
Children per mother: 9.7395303800533
Avg. weeks pregnant: 19.905620679291
Children: 32053

Demographic report

Years after leaving ark: 148
Year: -2222
Population: 85190
Living: 43574
Girls: 22624
Men: 4667
Women: 5007
Adults: 9674
Pregnant women: 3530
Children per mother: 9.7540720348704
Avg. weeks pregnant: 20.238243626062
Children: 33900

Demographic report

Years after leaving ark: 149
Year: -2221
Population: 90026
Living: 46012
Girls: 23880
Men: 4960
Women: 5251
Adults: 10211
Pregnant women: 3684
Children per mother: 9.7465886939571
Avg. weeks pregnant: 20.017915309446
Children: 35801

Demographic report

Years after leaving ark: 150
Year: -2220
Population: 95113
Living: 48657
Girls: 25255
Men: 5229
Women: 5605
Adults: 10834
Pregnant women: 3924
Children per mother: 9.7543715284921
Avg. weeks pregnant: 19.966360856269
Children: 37823

Demographic report

Years after leaving ark: 151
Year: -2219
Population: 100487
Living: 51452
Girls: 26777
Men: 5470
Women: 5930
Adults: 11400
Pregnant women: 4163
Children per mother: 9.7385006850656
Avg. weeks pregnant: 20.081671871247
Children: 40052

Demographic report

Years after leaving ark: 152
Year: -2218
Population: 106148
Living: 54313
Girls: 28290
Men: 5800
Women: 6230
Adults: 12030
Pregnant women: 4373
Children per mother: 9.7237037037037
Avg. weeks pregnant: 19.940544248799
Children: 42283

Demographic report

Years after leaving ark: 153
Year: -2217
Population: 112064
Living: 57351
Girls: 29874
Men: 6116
Women: 6623
Adults: 12739
Pregnant women: 4672
Children per mother: 9.7846586910626
Avg. weeks pregnant: 19.971746575342
Children: 44612

Demographic report

Years after leaving ark: 154
Year: -2216
Population: 118368
Living: 60494
Girls: 31541
Men: 6475
Women: 6984
Adults: 13459
Pregnant women: 4914
Children per mother: 9.8069913850232
Avg. weeks pregnant: 19.931827431827
Children: 47035

Demographic report

Years after leaving ark: 155
Year: -2215
Population: 124984
Living: 63850
Girls: 33298
Men: 6825
Women: 7381
Adults: 14206
Pregnant women: 5150
Children per mother: 9.8113355252857
Avg. weeks pregnant: 20.14213592233
Children: 49644

Demographic report

Years after leaving ark: 156
Year: -2214
Population: 132084
Living: 67469
Girls: 35166
Men: 7246
Women: 7814
Adults: 15060
Pregnant women: 5455
Children per mother: 9.8146884272997
Avg. weeks pregnant: 19.812282309808
Children: 52409

Demographic report

Years after leaving ark: 157
Year: -2213
Population: 139527
Living: 71363
Girls: 37269
Men: 7686
Women: 8273
Adults: 15959
Pregnant women: 5751
Children per mother: 9.7597796921339
Avg. weeks pregnant: 20.186924013215
Children: 55404

Demographic report

Years after leaving ark: 158
Year: -2212
Population: 147401
Living: 75415
Girls: 39386
Men: 8089
Women: 8756
Adults: 16845
Pregnant women: 6067
Children per mother: 9.7544822049773
Avg. weeks pregnant: 20.069556617768
Children: 58570

Demographic report

Years after leaving ark: 159
Year: -2211
Population: 155753
Living: 79802
Girls: 41693
Men: 8563
Women: 9280
Adults: 17843
Pregnant women: 6468
Children per mother: 9.7531974167405
Avg. weeks pregnant: 19.887909709338
Children: 61959

Demographic report

Years after leaving ark: 160
Year: -2210
Population: 164626
Living: 84455
Girls: 44110
Men: 9025
Women: 9834
Adults: 18859
Pregnant women: 6925
Children per mother: 9.7212251734865
Avg. weeks pregnant: 19.83321299639
Children: 65596

Demographic report

Years after leaving ark: 161
Year: -2209
Population: 174144
Living: 89482
Girls: 46720
Men: 9565
Women: 10391
Adults: 19956
Pregnant women: 7229
Children per mother: 9.6858923512748
Avg. weeks pregnant: 19.998616682805
Children: 69526

Demographic report

Years after leaving ark: 162
Year: -2208
Population: 183952
Living: 94507
Girls: 49461
Men: 10033
Women: 10964
Adults: 20997
Pregnant women: 7691
Children per mother: 9.6633354824844
Avg. weeks pregnant: 20.159147054999
Children: 73510

Demographic report

Years after leaving ark: 163
Year: -2207
Population: 194515
Living: 100008
Girls: 52221
Men: 10590
Women: 11571
Adults: 22161
Pregnant women: 8112
Children per mother: 9.6450071181615
Avg. weeks pregnant: 19.984590729783
Children: 77847

Demographic report

Years after leaving ark: 164
Year: -2206
Population: 205619
Living: 105722
Girls: 55245
Men: 11186
Women: 12222
Adults: 23408
Pregnant women: 8525
Children per mother: 9.638032093783
Avg. weeks pregnant: 19.985337243402
Children: 82314

Demographic report

Years after leaving ark: 165
Year: -2205
Population: 217203
Living: 111628
Girls: 58367
Men: 11830
Women: 12920
Adults: 24750
Pregnant women: 8982
Children per mother: 9.6233542177427
Avg. weeks pregnant: 19.938655087954
Children: 86878

Demographic report

Years after leaving ark: 166
Year: -2204
Population: 229450
Living: 117801
Girls: 61615
Men: 12460
Women: 13659
Adults: 26119
Pregnant women: 9455
Children per mother: 9.6002060793405
Avg. weeks pregnant: 20.158328926494
Children: 91682

Demographic report

Years after leaving ark: 167
Year: -2203
Population: 242414
Living: 124475
Girls: 65038
Men: 13144
Women: 14408
Adults: 27552
Pregnant women: 9989
Children per mother: 9.5750406504065
Avg. weeks pregnant: 20.086094704175
Children: 96923

Demographic report

Years after leaving ark: 168
Year: -2202
Population: 256067
Living: 131409
Girls: 68565
Men: 13865
Women: 15305
Adults: 29170
Pregnant women: 10651
Children per mother: 9.5630057803468
Avg. weeks pregnant: 19.869777485682
Children: 102239

Demographic report

Years after leaving ark: 169
Year: -2201
Population: 270631
Living: 138879
Girls: 72517
Men: 14633
Women: 16178
Adults: 30811
Pregnant women: 11279
Children per mother: 9.566912462583
Avg. weeks pregnant: 19.885273517156
Children: 108068

Demographic report

Years after leaving ark: 170
Year: -2200
Population: 285975
Living: 146811
Girls: 76654
Men: 15487
Women: 17129
Adults: 32616
Pregnant women: 11954
Children per mother: 9.5796680497925
Avg. weeks pregnant: 19.998577881881
Children: 114195

Demographic report

Years after leaving ark: 171
Year: -2199
Population: 302199
Living: 155274
Girls: 81083
Men: 16356
Women: 18152
Adults: 34508
Pregnant women: 12568
Children per mother: 9.5989654946638
Avg. weeks pregnant: 20.05203691916
Children: 120766

Demographic report

Years after leaving ark: 172
Year: -2198
Population: 319355
Living: 164090
Girls: 85540
Men: 17291
Women: 19169
Adults: 36460
Pregnant women: 13366
Children per mother: 9.608922256003
Avg. weeks pregnant: 20.115666616789
Children: 127630

Demographic report

Years after leaving ark: 173
Year: -2197
Population: 337642
Living: 173515
Girls: 90405
Men: 18209
Women: 20218
Adults: 38427
Pregnant women: 13969
Children per mother: 9.586477618936
Avg. weeks pregnant: 19.995919536116
Children: 135088

Demographic report

Years after leaving ark: 174
Year: -2196
Population: 356789
Living: 183351
Girls: 95386
Men: 19227
Women: 21375
Adults: 40602
Pregnant women: 14938
Children per mother: 9.5899607061819
Avg. weeks pregnant: 19.819721515598
Children: 142749

Demographic report

Years after leaving ark: 175
Year: -2195
Population: 377153
Living: 194015
Girls: 100883
Men: 20366
Women: 22730
Adults: 43096
Pregnant women: 15885
Children per mother: 9.6280436607893
Avg. weeks pregnant: 19.946301542336
Children: 150919

Demographic report

Years after leaving ark: 176
Year: -2194
Population: 398908
Living: 205473
Girls: 106945
Men: 21642
Women: 24034
Adults: 45676
Pregnant women: 16745
Children per mother: 9.6101298572068
Avg. weeks pregnant: 19.925231412362
Children: 159797

Demographic report

Years after leaving ark: 177
Year: -2193
Population: 421589
Living: 217071
Girls: 112897
Men: 22850
Women: 25300
Adults: 48150
Pregnant women: 17579
Children per mother: 9.5903761947361
Avg. weeks pregnant: 20.06564651004
Children: 168921

Demographic report

Years after leaving ark: 178
Year: -2192
Population: 445499
Living: 229287
Girls: 119516
Men: 24102
Women: 26834
Adults: 50936
Pregnant women: 18678
Children per mother: 9.5997505679034
Avg. weeks pregnant: 19.842006638826
Children: 178351

Demographic report

Years after leaving ark: 179
Year: -2191
Population: 471002
Living: 242585
Girls: 126521
Men: 25468
Women: 28378
Adults: 53846
Pregnant women: 19674
Children per mother: 9.5992329413748
Avg. weeks pregnant: 19.956846599573
Children: 188739

Demographic report

Years after leaving ark: 180
Year: -2190
Population: 497749
Living: 256408
Girls: 133800
Men: 26908
Women: 29964
Adults: 56872
Pregnant women: 20931
Children per mother: 9.5972670411537
Avg. weeks pregnant: 20.160431895275
Children: 199536

Demographic report

Years after leaving ark: 181
Year: -2189
Population: 526262
Living: 271287
Girls: 141409
Men: 28503
Women: 31654
Adults: 60157
Pregnant women: 21889
Children per mother: 9.6033658371296
Avg. weeks pregnant: 20.0227054685
Children: 211130

Demographic report

Years after leaving ark: 182
Year: -2188
Population: 556144
Living: 286564
Girls: 149300
Men: 30156
Women: 33342
Adults: 63498
Pregnant women: 23213
Children per mother: 9.5991308684192
Avg. weeks pregnant: 20.0612156981
Children: 223066

Demographic report

Years after leaving ark: 183
Year: -2187
Population: 587594
Living: 302674
Girls: 157545
Men: 31944
Women: 35174
Adults: 67118
Pregnant women: 24407
Children per mother: 9.5882709195518
Avg. weeks pregnant: 20.01524152907
Children: 235556

Demographic report

Years after leaving ark: 184
Year: -2186
Population: 620916
Living: 319922
Girls: 166763
Men: 33750
Women: 37244
Adults: 70994
Pregnant women: 25809
Children per mother: 9.570174038001
Avg. weeks pregnant: 19.947421442133
Children: 248928

Demographic report

Years after leaving ark: 185
Year: -2185
Population: 656231
Living: 338076
Girls: 176263
Men: 35705
Women: 39298
Adults: 75003
Pregnant women: 27262
Children per mother: 9.5732218835813
Avg. weeks pregnant: 20.019294255741
Children: 263073

Demographic report

Years after leaving ark: 186
Year: -2184
Population: 693592
Living: 357541
Girls: 186145
Men: 37878
Women: 41304
Adults: 79182
Pregnant women: 28682
Children per mother: 9.560970042796
Avg. weeks pregnant: 19.944948051042
Children: 278359

Demographic report

Years after leaving ark: 187
Year: -2183
Population: 732697
Living: 377330
Girls: 196315
Men: 40017
Women: 43606
Adults: 83623
Pregnant women: 30196
Children per mother: 9.5639600755328
Avg. weeks pregnant: 19.934792687773
Children: 293707

Demographic report

Years after leaving ark: 188
Year: -2182
Population: 774038
Living: 398619
Girls: 207624
Men: 42416
Women: 46055
Adults: 88471
Pregnant women: 32016
Children per mother: 9.5632846789834
Avg. weeks pregnant: 19.978385807096
Children: 310148

Demographic report

Years after leaving ark: 189
Year: -2181
Population: 817560
Living: 420838
Girls: 219123
Men: 44991
Women: 48573
Adults: 93564
Pregnant women: 33729
Children per mother: 9.5494142602324
Avg. weeks pregnant: 19.983456372854
Children: 327274

Demographic report

Years after leaving ark: 190
Year: -2180
Population: 863573
Living: 444413
Girls: 231433
Men: 47646
Women: 51489
Adults: 99135
Pregnant women: 35411
Children per mother: 9.5476739671592
Avg. weeks pregnant: 20.091242834148
Children: 345278

Demographic report

Years after leaving ark: 191
Year: -2179
Population: 912118
Living: 469129
Girls: 244152
Men: 50273
Women: 54430
Adults: 104703
Pregnant women: 37890
Children per mother: 9.5498282529327
Avg. weeks pregnant: 20.049247822644
Children: 364426

Demographic report

Years after leaving ark: 192
Year: -2178
Population: 963782
Living: 495553
Girls: 257858
Men: 53069
Women: 57495
Adults: 110564
Pregnant women: 39761
Children per mother: 9.5502392344498
Avg. weeks pregnant: 20.044339931088
Children: 384989

Demographic report

Years after leaving ark: 193
Year: -2177
Population: 1018288
Living: 523391
Girls: 272348
Men: 56042
Women: 60928
Adults: 116970
Pregnant women: 42097
Children per mother: 9.5472165746926
Avg. weeks pregnant: 19.994322635817
Children: 406421

Demographic report

Years after leaving ark: 194
Year: -2176
Population: 1075911
Living: 553019
Girls: 287633
Men: 59235
Women: 64422
Adults: 123657
Pregnant women: 44592
Children per mother: 9.5560991699192
Avg. weeks pregnant: 20.071044133477
Children: 429362

Demographic report

Years after leaving ark: 195
Year: -2175
Population: 1136973
Living: 584361
Girls: 304142
Men: 62657
Women: 68085
Adults: 130742
Pregnant women: 47257
Children per mother: 9.5645754536937
Avg. weeks pregnant: 20.081659859915
Children: 453619

Demographic report

Years after leaving ark: 196
Year: -2174
Population: 1201470
Living: 617542
Girls: 321659
Men: 66197
Women: 71911
Adults: 138108
Pregnant women: 49935
Children per mother: 9.5727207065235
Avg. weeks pregnant: 20.040873135076
Children: 479434

Demographic report

Years after leaving ark: 197
Year: -2173
Population: 1269558
Living: 652741
Girls: 339757
Men: 69982
Women: 75848
Adults: 145830
Pregnant women: 52499
Children per mother: 9.5679213640175
Avg. weeks pregnant: 20.036686413075
Children: 506911

Demographic report

Years after leaving ark: 198
Year: -2172
Population: 1341279
Living: 689578
Girls: 358856
Men: 73965
Women: 80160
Adults: 154125
Pregnant women: 55420
Children per mother: 9.5818587972488
Avg. weeks pregnant: 20.041573439192
Children: 535453

Demographic report

Years after leaving ark: 199
Year: -2171
Population: 1417314
Living: 728723
Girls: 379413
Men: 78153
Women: 84780
Adults: 162933
Pregnant women: 58897
Children per mother: 9.582911286732
Avg. weeks pregnant: 19.93295074452
Children: 565790

Demographic report

Years after leaving ark: 200
Year: -2170
Population: 1497724
Living: 770321
Girls: 401016
Men: 82588
Women: 89616
Adults: 172204
Pregnant women: 62069
Children per mother: 9.5802386131435
Avg. weeks pregnant: 20.01662665743
Children: 598117

Demographic report

Years after leaving ark: 201
Year: -2169
Population: 1582395
Living: 814046
Girls: 424001
Men: 87266
Women: 94649
Adults: 181915
Pregnant women: 65779
Children per mother: 9.583332293058
Avg. weeks pregnant: 20.018714179297
Children: 632131

Demographic report

Years after leaving ark: 202
Year: -2168
Population: 1672450
Living: 860731
Girls: 448239
Men: 92167
Women: 100235
Adults: 192402
Pregnant women: 69281
Children per mother: 9.5892261468215
Avg. weeks pregnant: 20.035825117998
Children: 668329

Demographic report

Years after leaving ark: 203
Year: -2167
Population: 1767379
Living: 910045
Girls: 474018
Men: 97452
Women: 105908
Adults: 203360
Pregnant women: 73230
Children per mother: 9.5837551514066
Avg. weeks pregnant: 19.968441895398
Children: 706685

Demographic report

Years after leaving ark: 204
Year: -2166
Population: 1867553
Living: 961409
Girls: 500917
Men: 102754
Women: 112056
Adults: 214810
Pregnant women: 77687
Children per mother: 9.5898471453709
Avg. weeks pregnant: 19.968540425039
Children: 746599

Demographic report

Years after leaving ark: 205
Year: -2165
Population: 1973479
Living: 1016202
Girls: 529443
Men: 108388
Women: 118249
Adults: 226637
Pregnant women: 81888
Children per mother: 9.5884908689544
Avg. weeks pregnant: 20.009329816335
Children: 789565

Demographic report

Years after leaving ark: 206
Year: -2164
Population: 2085458
Living: 1074166
Girls: 559595
Men: 114488
Women: 125006
Adults: 239494
Pregnant women: 87037
Children per mother: 9.5789713547848
Avg. weeks pregnant: 20.010489791698
Children: 834672

Demographic report

Years after leaving ark: 207
Year: -2163
Population: 2203920
Living: 1135129
Girls: 591516
Men: 120879
Women: 131930
Adults: 252809
Pregnant women: 91555
Children per mother: 9.5830648996402
Avg. weeks pregnant: 19.931953470591
Children: 882320

Demographic report

Years after leaving ark: 208
Year: -2162
Population: 2328561
Living: 1198917
Girls: 624677
Men: 127709
Women: 139421
Adults: 267130
Pregnant women: 96960
Children per mother: 9.5823089143566
Avg. weeks pregnant: 20.052640264026
Children: 931787

Demographic report

Years after leaving ark: 209
Year: -2161
Population: 2461046
Living: 1267258
Girls: 660336
Men: 135048
Women: 147282
Adults: 282330
Pregnant women: 102076
Children per mother: 9.5870886320156
Avg. weeks pregnant: 20.046739684157
Children: 984928

Demographic report

Years after leaving ark: 210
Year: -2160
Population: 2600563
Living: 1338715
Girls: 697616
Men: 142640
Women: 155569
Adults: 298209
Pregnant women: 108005
Children per mother: 9.5885348962728
Avg. weeks pregnant: 19.986287671867
Children: 1040506

Demographic report

Years after leaving ark: 211
Year: -2159
Population: 2747847
Living: 1414246
Girls: 737049
Men: 150822
Women: 164366
Adults: 315188
Pregnant women: 113948
Children per mother: 9.5974284027588
Avg. weeks pregnant: 20.076736757117
Children: 1099058

Demographic report

Years after leaving ark: 212
Year: -2158
Population: 2903417
Living: 1493969
Girls: 778290
Men: 159409
Women: 173331
Adults: 332740
Pregnant women: 120180
Children per mother: 9.5902247703611
Avg. weeks pregnant: 20.061166583458
Children: 1161229

Demographic report

Years after leaving ark: 213
Year: -2157
Population: 3067839
Living: 1578647
Girls: 822594
Men: 168458
Women: 183320
Adults: 351778
Pregnant women: 127002
Children per mother: 9.5872685572921
Avg. weeks pregnant: 20.017511535251
Children: 1226869

Demographic report

Years after leaving ark: 214
Year: -2156
Population: 3241505
Living: 1668062
Girls: 868721
Men: 177807
Women: 193541
Adults: 371348
Pregnant women: 134057
Children per mother: 9.5889130713097
Avg. weeks pregnant: 20.018275808052
Children: 1296714

Demographic report

Years after leaving ark: 215
Year: -2155
Population: 3424739
Living: 1761532
Girls: 917078
Men: 187870
Women: 204716
Adults: 392586
Pregnant women: 141799
Children per mother: 9.5873069929868
Avg. weeks pregnant: 20.031368345334
Children: 1368946

Demographic report

Years after leaving ark: 216
Year: -2154
Population: 3618637
Living: 1861671
Girls: 968753
Men: 198786
Women: 216513
Adults: 415299
Pregnant women: 149835
Children per mother: 9.5878916825737
Avg. weeks pregnant: 20.067127173224
Children: 1446372

Demographic report

Years after leaving ark: 217
Year: -2153
Population: 3823730
Living: 1967450
Girls: 1024208
Men: 210058
Women: 228925
Adults: 438983
Pregnant women: 158771
Children per mother: 9.5896545298314
Avg. weeks pregnant: 19.992271888443
Children: 1528467

Demographic report

Years after leaving ark: 218
Year: -2152
Population: 4040509
Living: 2078897
Girls: 1081967
Men: 222335
Women: 241765
Adults: 464100
Pregnant women: 167892
Children per mother: 9.5916584651693
Avg. weeks pregnant: 19.986628308675
Children: 1614797

Demographic report

Years after leaving ark: 219
Year: -2151
Population: 4269566
Living: 2196469
Girls: 1143469
Men: 234684
Women: 255623
Adults: 490307
Pregnant women: 177239
Children per mother: 9.5980166254816
Avg. weeks pregnant: 19.996259288306
Children: 1706162

Demographic report

Years after leaving ark: 220
Year: -2150
Population: 4511684
Living: 2321330
Girls: 1207840
Men: 248036
Women: 270105
Adults: 518141
Pregnant women: 187503
Children per mother: 9.6014935982379
Avg. weeks pregnant: 20.000869319424
Children: 1803189

Demographic report

Years after leaving ark: 221
Year: -2149
Population: 4767552
Living: 2452907
Girls: 1276162
Men: 262152
Women: 285417
Adults: 547569
Pregnant women: 197822
Children per mother: 9.6012086347657
Avg. weeks pregnant: 19.976418194134
Children: 1905338

Demographic report

Years after leaving ark: 222
Year: -2148
Population: 5038071
Living: 2591761
Girls: 1348658
Men: 276986
Women: 301379
Adults: 578365
Pregnant women: 208956
Children per mother: 9.6055015977953
Avg. weeks pregnant: 19.972400888225
Children: 2013396

Demographic report

Years after leaving ark: 223
Year: -2147
Population: 5322797
Living: 2738474
Girls: 1424703
Men: 292594
Women: 318464
Adults: 611058
Pregnant women: 221308
Children per mother: 9.6019465786337
Avg. weeks pregnant: 20.020207132142
Children: 2127416

Demographic report

Years after leaving ark: 224
Year: -2146
Population: 5624828
Living: 2893929
Girls: 1505306
Men: 309157
Women: 336335
Adults: 645492
Pregnant women: 233173
Children per mother: 9.604195067107
Avg. weeks pregnant: 20.029686112886
Children: 2248437

Demographic report

Years after leaving ark: 225
Year: -2145
Population: 5943055
Living: 3057047
Girls: 1590027
Men: 326399
Women: 355209
Adults: 681608
Pregnant women: 246486
Children per mother: 9.6076493139025
Avg. weeks pregnant: 20.018508150564
Children: 2375439

Demographic report

Years after leaving ark: 226
Year: -2144
Population: 6279974
Living: 3230980
Girls: 1680329
Men: 344868
Women: 375430
Adults: 720298
Pregnant women: 260036
Children per mother: 9.6117516706485
Avg. weeks pregnant: 20.013932686243
Children: 2510682

Demographic report

Years after leaving ark: 227
Year: -2143
Population: 6635251
Living: 3413220
Girls: 1774530
Men: 364456
Women: 396851
Adults: 761307
Pregnant women: 275566
Children per mother: 9.6139906173207
Avg. weeks pregnant: 20.044363237845
Children: 2651913

Demographic report

Years after leaving ark: 228
Year: -2142
Population: 7012000
Living: 3607823
Girls: 1875591
Men: 385016
Women: 419169
Adults: 804185
Pregnant women: 291002
Children per mother: 9.6115002227523
Avg. weeks pregnant: 19.994677012529
Children: 2803638

Demographic report

Years after leaving ark: 229
Year: -2141
Population: 7409217
Living: 3811893
Girls: 1981514
Men: 407231
Women: 442402
Adults: 849633
Pregnant women: 306553
Children per mother: 9.6065627983636
Avg. weeks pregnant: 20.037305131576
Children: 2962260

Demographic report

Years after leaving ark: 230
Year: -2140
Population: 7828354
Living: 4027073
Girls: 2094323
Men: 430588
Women: 467223
Adults: 897811
Pregnant women: 323549
Children per mother: 9.6050637319599
Avg. weeks pregnant: 20.050854739159
Children: 3129262

Demographic report

Years after leaving ark: 231
Year: -2139
Population: 8271357
Living: 4254790
Girls: 2212872
Men: 455013
Women: 494085
Adults: 949098
Pregnant women: 341618
Children per mother: 9.602627751868
Avg. weeks pregnant: 20.027325843486
Children: 3305692

Demographic report

Years after leaving ark: 232
Year: -2138
Population: 8739058
Living: 4495343
Girls: 2338961
Men: 481096
Women: 522075
Adults: 1003171
Pregnant women: 362009
Children per mother: 9.6003979289606
Avg. weeks pregnant: 20.00654679856
Children: 3492172

Demographic report

Years after leaving ark: 233
Year: -2137
Population: 9234156
Living: 4750499
Girls: 2470980
Men: 508330
Women: 552119
Adults: 1060449
Pregnant women: 382810
Children per mother: 9.5981580720726
Avg. weeks pregnant: 19.987476816175
Children: 3690050

Demographic report

Years after leaving ark: 234
Year: -2136
Population: 9756695
Living: 5018436
Girls: 2610502
Men: 537299
Women: 583049
Adults: 1120348
Pregnant women: 404425
Children per mother: 9.5933346289166
Avg. weeks pregnant: 20.008782839834
Children: 3898088

Demographic report

Years after leaving ark: 235
Year: -2135
Population: 10309311
Living: 5302346
Girls: 2758190
Men: 567850
Women: 616616
Adults: 1184466
Pregnant women: 427898
Children per mother: 9.5903515427415
Avg. weeks pregnant: 20.008027614058
Children: 4117880

Demographic report

Years after leaving ark: 236
Year: -2134
Population: 10893591
Living: 5603012
Girls: 2914372
Men: 600132
Women: 651445
Adults: 1251577
Pregnant women: 451705
Children per mother: 9.5878482838868
Avg. weeks pregnant: 20.008611815233
Children: 4351435

Demographic report

Years after leaving ark: 237
Year: -2133
Population: 11510400
Living: 5920195
Girls: 3079072
Men: 634226
Women: 687988
Adults: 1322214
Pregnant women: 477204
Children per mother: 9.5899449161047
Avg. weeks pregnant: 20.012156226687
Children: 4597981

Demographic report

Years after leaving ark: 238
Year: -2132
Population: 12161785
Living: 6254966
Girls: 3253696
Men: 670684
Women: 726363
Adults: 1397047
Pregnant women: 503523
Children per mother: 9.5901582697399
Avg. weeks pregnant: 20.00563827273
Children: 4857919

Demographic report

Years after leaving ark: 239
Year: -2131
Population: 12849803
Living: 6608352
Girls: 3437177
Men: 708859
Women: 767210
Adults: 1476069
Pregnant women: 531958
Children per mother: 9.5888503988249
Avg. weeks pregnant: 20.011384357412
Children: 5132283

Demographic report

Years after leaving ark: 240
Year: -2130
Population: 13576452
Living: 6981485
Girls: 3630776
Men: 748842
Women: 810344
Adults: 1559186
Pregnant women: 562138
Children per mother: 9.5891232702813
Avg. weeks pregnant: 20.010689545983
Children: 5422299

Demographic report

Years after leaving ark: 241
Year: -2129
Population: 14344044
Living: 7375884
Girls: 3835319
Men: 791106
Women: 855426
Adults: 1646532
Pregnant women: 593736
Children per mother: 9.5901840996708
Avg. weeks pregnant: 20.019796677311
Children: 5729352

Demographic report

Years after leaving ark: 242
Year: -2128
Population: 15154680
Living: 7791422
Girls: 4051234
Men: 835983
Women: 904216
Adults: 1740199
Pregnant women: 626962
Children per mother: 9.5896115959224
Avg. weeks pregnant: 20.02355804658
Children: 6051223

Demographic report

Years after leaving ark: 243
Year: -2127
Population: 16010709
Living: 8230860
Girls: 4279274
Men: 883705
Women: 954982
Adults: 1838687
Pregnant women: 662075
Children per mother: 9.5896560256753
Avg. weeks pregnant: 20.030582637919
Children: 6392173

Demographic report

Years after leaving ark: 244
Year: -2126
Population: 16915262
Living: 8694920
Girls: 4520255
Men: 933281
Women: 1008616
Adults: 1941897
Pregnant women: 698753
Children per mother: 9.5914803842879
Avg. weeks pregnant: 20.028191649982
Children: 6753023

Demographic report

Years after leaving ark: 245
Year: -2125
Population: 17870636
Living: 9185149
Girls: 4775429
Men: 985847
Women: 1066006
Adults: 2051853
Pregnant women: 739042
Children per mother: 9.5885431885317
Avg. weeks pregnant: 19.999529120131
Children: 7133296

Demographic report

Years after leaving ark: 246
Year: -2124
Population: 18879569
Living: 9702497
Girls: 5045245
Men: 1040885
Women: 1126773
Adults: 2167658
Pregnant women: 781731
Children per mother: 9.592318613634
Avg. weeks pregnant: 20.00056157425
Children: 7534839

Demographic report

Years after leaving ark: 247
Year: -2123
Population: 19946821
Living: 10251879
Girls: 5330784
Men: 1099783
Women: 1191018
Adults: 2290801
Pregnant women: 825014
Children per mother: 9.5916725798577
Avg. weeks pregnant: 20.034068512777
Children: 7961078

Demographic report

Years after leaving ark: 248
Year: -2122
Population: 21074209
Living: 10831678
Girls: 5632031
Men: 1161886
Women: 1258727
Adults: 2420613
Pregnant women: 872310
Children per mother: 9.5926181980792
Avg. weeks pregnant: 20.046554550561
Children: 8411065

Demographic report

Years after leaving ark: 249
Year: -2121
Population: 22266649
Living: 11446459
Girls: 5951578
Men: 1227823
Women: 1330481
Adults: 2558304
Pregnant women: 921057
Children per mother: 9.5916928260654
Avg. weeks pregnant: 20.028663806909
Children: 8888155

Demographic report

Years after leaving ark: 250
Year: -2120
Population: 23527241
Living: 12095202
Girls: 6289564
Men: 1297407
Women: 1405971
Adults: 2703378
Pregnant women: 975142
Children per mother: 9.5931598562882
Avg. weeks pregnant: 19.988195565364
Children: 9391824
