
Weekly demographic report

Years after leaving ark: 1
Year: -2369
Population: 12
Living: 12
Girls: 6
Men: 4
Women: 4
Adults: 8
Pregnant women: 4
Children per mother: 0
Avg. weeks pregnant: 18
Children: 4

Weekly demographic report

Years after leaving ark: 2
Year: -2368
Population: 17
Living: 17
Girls: 8
Men: 4
Women: 4
Adults: 8
Pregnant women: 4
Children per mother: 0
Avg. weeks pregnant: 35
Children: 9

Weekly demographic report

Years after leaving ark: 3
Year: -2367
Population: 26
Living: 26
Girls: 11
Men: 4
Women: 4
Adults: 8
Pregnant women: 4
Children per mother: 0
Avg. weeks pregnant: 17
Children: 18

Weekly demographic report

Years after leaving ark: 4
Year: -2366
Population: 30
Living: 30
Girls: 14
Men: 4
Women: 4
Adults: 8
Pregnant women: 4
Children per mother: 0
Avg. weeks pregnant: 34
Children: 22

Weekly demographic report

Years after leaving ark: 5
Year: -2365
Population: 38
Living: 38
Girls: 18
Men: 4
Women: 4
Adults: 8
Pregnant women: 4
Children per mother: 0
Avg. weeks pregnant: 16
Children: 30

Weekly demographic report

Years after leaving ark: 6
Year: -2364
Population: 42
Living: 42
Girls: 21
Men: 4
Women: 4
Adults: 8
Pregnant women: 4
Children per mother: 0
Avg. weeks pregnant: 33
Children: 34

Weekly demographic report

Years after leaving ark: 7
Year: -2363
Population: 51
Living: 51
Girls: 24
Men: 4
Women: 4
Adults: 8
Pregnant women: 4
Children per mother: 0
Avg. weeks pregnant: 15
Children: 43

Weekly demographic report

Years after leaving ark: 8
Year: -2362
Population: 55
Living: 55
Girls: 25
Men: 4
Women: 4
Adults: 8
Pregnant women: 4
Children per mother: 0
Avg. weeks pregnant: 32
Children: 47

Weekly demographic report

Years after leaving ark: 9
Year: -2361
Population: 63
Living: 63
Girls: 29
Men: 4
Women: 4
Adults: 8
Pregnant women: 4
Children per mother: 0
Avg. weeks pregnant: 14
Children: 55

Weekly demographic report

Years after leaving ark: 10
Year: -2360
Population: 67
Living: 67
Girls: 31
Men: 4
Women: 4
Adults: 8
Pregnant women: 4
Children per mother: 0
Avg. weeks pregnant: 31
Children: 59

Weekly demographic report

Years after leaving ark: 11
Year: -2359
Population: 75
Living: 75
Girls: 38
Men: 4
Women: 4
Adults: 8
Pregnant women: 4
Children per mother: 0
Avg. weeks pregnant: 13
Children: 67

Weekly demographic report

Years after leaving ark: 12
Year: -2358
Population: 79
Living: 79
Girls: 41
Men: 4
Women: 4
Adults: 8
Pregnant women: 4
Children per mother: 0
Avg. weeks pregnant: 30
Children: 71

Weekly demographic report

Years after leaving ark: 13
Year: -2357
Population: 87
Living: 87
Girls: 45
Men: 6
Women: 6
Adults: 12
Pregnant women: 6
Children per mother: 0
Avg. weeks pregnant: 14
Children: 75

Weekly demographic report

Years after leaving ark: 14
Year: -2356
Population: 93
Living: 93
Girls: 49
Men: 9
Women: 8
Adults: 17
Pregnant women: 8
Children per mother: 0
Avg. weeks pregnant: 32
Children: 76

Weekly demographic report

Years after leaving ark: 15
Year: -2355
Population: 111
Living: 111
Girls: 61
Men: 15
Women: 11
Adults: 26
Pregnant women: 11
Children per mother: 0
Avg. weeks pregnant: 14.818181818182
Children: 85

Weekly demographic report

Years after leaving ark: 16
Year: -2354
Population: 123
Living: 123
Girls: 68
Men: 16
Women: 14
Adults: 30
Pregnant women: 14
Children per mother: 0
Avg. weeks pregnant: 32.285714285714
Children: 93

Weekly demographic report

Years after leaving ark: 17
Year: -2353
Population: 156
Living: 156
Girls: 81
Men: 20
Women: 18
Adults: 38
Pregnant women: 18
Children per mother: 0
Avg. weeks pregnant: 14.666666666667
Children: 118

Weekly demographic report

Years after leaving ark: 18
Year: -2352
Population: 174
Living: 174
Girls: 91
Men: 21
Women: 21
Adults: 42
Pregnant women: 21
Children per mother: 0
Avg. weeks pregnant: 31.857142857143
Children: 132

Weekly demographic report

Years after leaving ark: 19
Year: -2351
Population: 218
Living: 218
Girls: 117
Men: 27
Women: 24
Adults: 51
Pregnant women: 24
Children per mother: 0
Avg. weeks pregnant: 14
Children: 167

Weekly demographic report

Years after leaving ark: 20
Year: -2350
Population: 244
Living: 244
Girls: 133
Men: 30
Women: 25
Adults: 55
Pregnant women: 25
Children per mother: 0
Avg. weeks pregnant: 31.04
Children: 189

Weekly demographic report

Years after leaving ark: 21
Year: -2349
Population: 299
Living: 299
Girls: 163
Men: 34
Women: 29
Adults: 63
Pregnant women: 29
Children per mother: 0
Avg. weeks pregnant: 13.172413793103
Children: 236

Weekly demographic report

Years after leaving ark: 22
Year: -2348
Population: 329
Living: 329
Girls: 180
Men: 36
Women: 31
Adults: 67
Pregnant women: 31
Children per mother: 0
Avg. weeks pregnant: 30.225806451613
Children: 262

Weekly demographic report

Years after leaving ark: 23
Year: -2347
Population: 399
Living: 399
Girls: 221
Men: 37
Women: 38
Adults: 75
Pregnant women: 38
Children per mother: 0
Avg. weeks pregnant: 12.368421052632
Children: 324

Weekly demographic report

Years after leaving ark: 24
Year: -2346
Population: 437
Living: 437
Girls: 244
Men: 38
Women: 41
Adults: 79
Pregnant women: 41
Children per mother: 0
Avg. weeks pregnant: 29.414634146341
Children: 358

Weekly demographic report

Years after leaving ark: 25
Year: -2345
Population: 528
Living: 528
Girls: 287
Men: 42
Women: 45
Adults: 87
Pregnant women: 45
Children per mother: 0
Avg. weeks pregnant: 11.466666666667
Children: 441

Weekly demographic report

Years after leaving ark: 26
Year: -2344
Population: 573
Living: 573
Girls: 309
Men: 44
Women: 49
Adults: 93
Pregnant women: 49
Children per mother: 0
Avg. weeks pregnant: 28.755102040816
Children: 480

Weekly demographic report

Years after leaving ark: 27
Year: -2343
Population: 686
Living: 686
Girls: 371
Men: 50
Women: 61
Adults: 111
Pregnant women: 61
Children per mother: 0
Avg. weeks pregnant: 11.491803278689
Children: 575

Weekly demographic report

Years after leaving ark: 28
Year: -2342
Population: 749
Living: 749
Girls: 405
Men: 55
Women: 68
Adults: 123
Pregnant women: 68
Children per mother: 0
Avg. weeks pregnant: 28.794117647059
Children: 626

Weekly demographic report

Years after leaving ark: 29
Year: -2341
Population: 902
Living: 902
Girls: 487
Men: 75
Women: 81
Adults: 156
Pregnant women: 81
Children per mother: 0
Avg. weeks pregnant: 11.555555555556
Children: 746

Weekly demographic report

Years after leaving ark: 30
Year: -2340
Population: 986
Living: 986
Girls: 520
Men: 83
Women: 91
Adults: 174
Pregnant women: 91
Children per mother: 0
Avg. weeks pregnant: 28.912087912088
Children: 812

Weekly demographic report

Years after leaving ark: 31
Year: -2339
Population: 1188
Living: 1188
Girls: 636
Men: 101
Women: 117
Adults: 218
Pregnant women: 117
Children per mother: 0
Avg. weeks pregnant: 11.461538461538
Children: 970

Weekly demographic report

Years after leaving ark: 32
Year: -2338
Population: 1309
Living: 1309
Girls: 707
Men: 111
Women: 133
Adults: 244
Pregnant women: 133
Children per mother: 0
Avg. weeks pregnant: 28.796992481203
Children: 1065

Weekly demographic report

Years after leaving ark: 33
Year: -2337
Population: 1603
Living: 1603
Girls: 880
Men: 136
Women: 163
Adults: 299
Pregnant women: 163
Children per mother: 0
Avg. weeks pregnant: 11.165644171779
Children: 1304

Weekly demographic report

Years after leaving ark: 34
Year: -2336
Population: 1775
Living: 1775
Girls: 977
Men: 149
Women: 180
Adults: 329
Pregnant women: 180
Children per mother: 0
Avg. weeks pregnant: 28.366666666667
Children: 1446

Weekly demographic report

Years after leaving ark: 35
Year: -2335
Population: 2174
Living: 2174
Girls: 1167
Men: 178
Women: 221
Adults: 399
Pregnant women: 217
Children per mother: 0
Avg. weeks pregnant: 10.898617511521
Children: 1775

Weekly demographic report

Years after leaving ark: 36
Year: -2334
Population: 2407
Living: 2407
Girls: 1291
Men: 193
Women: 244
Adults: 437
Pregnant women: 244
Children per mother: 0
Avg. weeks pregnant: 27.885245901639
Children: 1970

Weekly demographic report

Years after leaving ark: 37
Year: -2333
Population: 2938
Living: 2938
Girls: 1558
Men: 241
Women: 287
Adults: 528
Pregnant women: 287
Children per mother: 0
Avg. weeks pregnant: 10.627177700348
Children: 2410

Weekly demographic report

Years after leaving ark: 38
Year: -2332
Population: 3240
Living: 3240
Girls: 1715
Men: 264
Women: 309
Adults: 573
Pregnant women: 309
Children per mother: 0
Avg. weeks pregnant: 27.21359223301
Children: 2667

Weekly demographic report

Years after leaving ark: 39
Year: -2331
Population: 3911
Living: 3911
Girls: 2073
Men: 315
Women: 371
Adults: 686
Pregnant women: 371
Children per mother: 0
Avg. weeks pregnant: 9.8247978436658
Children: 3225

Weekly demographic report

Years after leaving ark: 40
Year: -2330
Population: 4313
Living: 4313
Girls: 2278
Men: 344
Women: 405
Adults: 749
Pregnant women: 405
Children per mother: 0
Avg. weeks pregnant: 26.562962962963
Children: 3564

Weekly demographic report

Years after leaving ark: 41
Year: -2329
Population: 5201
Living: 5201
Girls: 2759
Men: 415
Women: 487
Adults: 902
Pregnant women: 487
Children per mother: 0
Avg. weeks pregnant: 9.2525667351129
Children: 4299

Weekly demographic report

Years after leaving ark: 42
Year: -2328
Population: 5712
Living: 5712
Girls: 3015
Men: 466
Women: 520
Adults: 986
Pregnant women: 520
Children per mother: 0
Avg. weeks pregnant: 26.123076923077
Children: 4726

Weekly demographic report

Years after leaving ark: 43
Year: -2327
Population: 6854
Living: 6854
Girls: 3623
Men: 552
Women: 636
Adults: 1188
Pregnant women: 636
Children per mother: 0
Avg. weeks pregnant: 8.8427672955975
Children: 5666

Weekly demographic report

Years after leaving ark: 44
Year: -2326
Population: 7529
Living: 7529
Girls: 3952
Men: 602
Women: 707
Adults: 1309
Pregnant women: 707
Children per mother: 0
Avg. weeks pregnant: 25.898161244696
Children: 6220

Weekly demographic report

Years after leaving ark: 45
Year: -2325
Population: 9096
Living: 9096
Girls: 4761
Men: 723
Women: 880
Adults: 1603
Pregnant women: 880
Children per mother: 0
Avg. weeks pregnant: 8.6022727272727
Children: 7493

Weekly demographic report

Years after leaving ark: 46
Year: -2324
Population: 10016
Living: 10016
Girls: 5239
Men: 798
Women: 977
Adults: 1775
Pregnant women: 977
Children per mother: 0
Avg. weeks pregnant: 25.736949846469
Children: 8241

Weekly demographic report

Years after leaving ark: 47
Year: -2323
Population: 12153
Living: 12153
Girls: 6353
Men: 1007
Women: 1167
Adults: 2174
Pregnant women: 1048
Children per mother: 0
Avg. weeks pregnant: 9.1030534351145
Children: 9979

Weekly demographic report

Years after leaving ark: 48
Year: -2322
Population: 13373
Living: 13373
Girls: 6979
Men: 1116
Women: 1291
Adults: 2407
Pregnant women: 1291
Children per mother: 0
Avg. weeks pregnant: 25.408210689388
Children: 10966

Weekly demographic report

Years after leaving ark: 49
Year: -2321
Population: 16090
Living: 16090
Girls: 8356
Men: 1380
Women: 1558
Adults: 2938
Pregnant women: 1558
Children per mother: 0
Avg. weeks pregnant: 10.706033376123
Children: 13152

Weekly demographic report

Years after leaving ark: 50
Year: -2320
Population: 17864
Living: 17864
Girls: 9292
Men: 1525
Women: 1715
Adults: 3240
Pregnant women: 1715
Children per mother: 0
Avg. weeks pregnant: 25.060641399417
Children: 14624

Weekly demographic report

Years after leaving ark: 51
Year: -2319
Population: 21502
Living: 21502
Girls: 11207
Men: 1838
Women: 2073
Adults: 3911
Pregnant women: 2073
Children per mother: 60
Avg. weeks pregnant: 9.6690786300048
Children: 17591

Weekly demographic report

Years after leaving ark: 52
Year: -2318
Population: 23818
Living: 23818
Girls: 12436
Men: 2035
Women: 2278
Adults: 4313
Pregnant women: 2274
Children per mother: 60
Avg. weeks pregnant: 24.654353562005
Children: 19505

Weekly demographic report

Years after leaving ark: 53
Year: -2317
Population: 28681
Living: 28681
Girls: 14928
Men: 2442
Women: 2759
Adults: 5201
Pregnant women: 2754
Children per mother: 58.857142857143
Avg. weeks pregnant: 8.7120551924473
Children: 23480

Weekly demographic report

Years after leaving ark: 54
Year: -2316
Population: 31728
Living: 31728
Girls: 16485
Men: 2697
Women: 3015
Adults: 5712
Pregnant women: 3005
Children per mother: 59.1
Avg. weeks pregnant: 24.194675540765
Children: 26016

Weekly demographic report

Years after leaving ark: 55
Year: -2315
Population: 38212
Living: 38212
Girls: 19890
Men: 3231
Women: 3623
Adults: 6854
Pregnant women: 3612
Children per mother: 59.142857142857
Avg. weeks pregnant: 7.8208748615725
Children: 31358

Weekly demographic report

Years after leaving ark: 56
Year: -2314
Population: 42152
Living: 42152
Girls: 21969
Men: 3577
Women: 3952
Adults: 7529
Pregnant women: 3935
Children per mother: 59.294117647059
Avg. weeks pregnant: 23.73875476493
Children: 34623

Weekly demographic report

Years after leaving ark: 57
Year: -2313
Population: 50703
Living: 50703
Girls: 26345
Men: 4335
Women: 4761
Adults: 9096
Pregnant women: 4742
Children per mother: 59.45
Avg. weeks pregnant: 7.0721214677351
Children: 41607

Weekly demographic report

Years after leaving ark: 58
Year: -2312
Population: 55828
Living: 55828
Girls: 28981
Men: 4777
Women: 5239
Adults: 10016
Pregnant women: 5218
Children per mother: 59.52380952381
Avg. weeks pregnant: 23.322345726332
Children: 45812

Weekly demographic report

Years after leaving ark: 59
Year: -2311
Population: 67197
Living: 67197
Girls: 34812
Men: 5800
Women: 6353
Adults: 12153
Pregnant women: 4680
Children per mother: 59.48
Avg. weeks pregnant: 8.4070512820513
Children: 55044

Weekly demographic report

Years after leaving ark: 60
Year: -2310
Population: 73976
Living: 73976
Girls: 38333
Men: 6394
Women: 6979
Adults: 13373
Pregnant women: 6952
Children per mother: 59.555555555556
Avg. weeks pregnant: 22.986766398159
Children: 60603

Weekly demographic report

Years after leaving ark: 61
Year: -2309
Population: 87341
Living: 87341
Girls: 45341
Men: 7734
Women: 8356
Adults: 16090
Pregnant women: 8325
Children per mother: 59.382352941176
Avg. weeks pregnant: 13.461621621622
Children: 71251

Weekly demographic report

Years after leaving ark: 62
Year: -2308
Population: 98121
Living: 98121
Girls: 50974
Men: 8572
Women: 9292
Adults: 17864
Pregnant women: 9255
Children per mother: 59.513513513514
Avg. weeks pregnant: 22.657050243112
Children: 80257

Weekly demographic report

Years after leaving ark: 63
Year: -2307
Population: 116389
Living: 116389
Girls: 60411
Men: 10295
Women: 11207
Adults: 21502
Pregnant women: 11168
Children per mother: 59.414634146341
Avg. weeks pregnant: 11.714183381089
Children: 94887

Weekly demographic report

Years after leaving ark: 64
Year: -2306
Population: 130388
Living: 130388
Girls: 67607
Men: 11382
Women: 12436
Adults: 23818
Pregnant women: 12391
Children per mother: 59.577777777778
Avg. weeks pregnant: 22.315228795093
Children: 106570

Weekly demographic report

Years after leaving ark: 65
Year: -2305
Population: 155321
Living: 155321
Girls: 80491
Men: 13753
Women: 14928
Adults: 28681
Pregnant women: 14876
Children per mother: 59.649122807018
Avg. weeks pregnant: 10.187147082549
Children: 126640

Weekly demographic report

Years after leaving ark: 66
Year: -2304
Population: 173448
Living: 173448
Girls: 89986
Men: 15243
Women: 16485
Adults: 31728
Pregnant women: 16421
Children per mother: 59.625
Avg. weeks pregnant: 21.950733816455
Children: 141720

Weekly demographic report

Years after leaving ark: 67
Year: -2303
Population: 207070
Living: 207070
Girls: 107467
Men: 18322
Women: 19890
Adults: 38212
Pregnant women: 19819
Children per mother: 59.480519480519
Avg. weeks pregnant: 8.7887885362531
Children: 168858

Weekly demographic report

Years after leaving ark: 68
Year: -2302
Population: 230583
Living: 230583
Girls: 119714
Men: 20183
Women: 21969
Adults: 42152
Pregnant women: 21882
Children per mother: 59.620689655172
Avg. weeks pregnant: 21.566767205923
Children: 188431

Weekly demographic report

Years after leaving ark: 69
Year: -2301
Population: 275975
Living: 275975
Girls: 143277
Men: 24358
Women: 26345
Adults: 50703
Pregnant women: 26245
Children per mother: 59.690265486726
Avg. weeks pregnant: 7.5432272813869
Children: 225272

Weekly demographic report

Years after leaving ark: 70
Year: -2300
Population: 306439
Living: 306439
Girls: 159233
Men: 26847
Women: 28981
Adults: 55828
Pregnant women: 28848
Children per mother: 59.829457364341
Avg. weeks pregnant: 21.165557404326
Children: 250611

Weekly demographic report

Years after leaving ark: 71
Year: -2299
Population: 367011
Living: 367011
Girls: 190890
Men: 32385
Women: 34812
Adults: 67197
Pregnant women: 19874
Children per mother: 59.754716981132
Avg. weeks pregnant: 10.453658045688
Children: 299814

Weekly demographic report

Years after leaving ark: 72
Year: -2298
Population: 406408
Living: 406408
Girls: 211400
Men: 35643
Women: 38333
Adults: 73976
Pregnant women: 38157
Children per mother: 59.767045454545
Avg. weeks pregnant: 20.763791702702
Children: 332432

Weekly demographic report

Years after leaving ark: 73
Year: -2297
Population: 469903
Living: 469903
Girls: 244353
Men: 42000
Women: 45341
Adults: 87341
Pregnant women: 45146
Children per mother: 59.723502304147
Avg. weeks pregnant: 18.465821999734
Children: 382562

Weekly demographic report

Years after leaving ark: 74
Year: -2296
Population: 538996
Living: 538996
Girls: 280280
Men: 47147
Women: 50974
Adults: 98121
Pregnant women: 50734
Children per mother: 59.866666666667
Avg. weeks pregnant: 20.387826703985
Children: 440875

Weekly demographic report

Years after leaving ark: 75
Year: -2295
Population: 626985
Living: 626985
Girls: 326231
Men: 55978
Women: 60411
Adults: 116389
Pregnant women: 60152
Children per mother: 59.805653710247
Avg. weeks pregnant: 16.122173826307
Children: 510596

Weekly demographic report

Years after leaving ark: 76
Year: -2294
Population: 715178
Living: 715178
Girls: 372128
Men: 62781
Women: 67607
Adults: 130388
Pregnant women: 67302
Children per mother: 59.904918032787
Avg. weeks pregnant: 20.031054054857
Children: 584790

Weekly demographic report

Years after leaving ark: 77
Year: -2293
Population: 836290
Living: 836290
Girls: 434963
Men: 74830
Women: 80491
Adults: 155321
Pregnant women: 80154
Children per mother: 59.790190735695
Avg. weeks pregnant: 13.929934875365
Children: 680969

Weekly demographic report

Years after leaving ark: 78
Year: -2292
Population: 949210
Living: 949210
Girls: 493363
Men: 83462
Women: 89986
Adults: 173448
Pregnant women: 89585
Children per mother: 59.857855361596
Avg. weeks pregnant: 19.661650946029
Children: 775762

Weekly demographic report

Years after leaving ark: 79
Year: -2291
Population: 1115288
Living: 1115288
Girls: 579684
Men: 99603
Women: 107467
Adults: 207070
Pregnant women: 107030
Children per mother: 59.741200828157
Avg. weeks pregnant: 11.960618518172
Children: 908218

Weekly demographic report

Years after leaving ark: 80
Year: -2290
Population: 1260580
Living: 1260580
Girls: 655024
Men: 110869
Women: 119714
Adults: 230583
Pregnant women: 119198
Children per mother: 59.87015503876
Avg. weeks pregnant: 19.295357304653
Children: 1029997

Weekly demographic report

Years after leaving ark: 81
Year: -2289
Population: 1487772
Living: 1487772
Girls: 772780
Men: 132698
Women: 143277
Adults: 275975
Pregnant women: 142707
Children per mother: 59.772151898734
Avg. weeks pregnant: 10.128255796842
Children: 1211797

Weekly demographic report

Years after leaving ark: 82
Year: -2288
Population: 1674947
Living: 1674947
Girls: 870199
Men: 147206
Women: 159233
Adults: 306439
Pregnant women: 158420
Children per mother: 59.869132290185
Avg. weeks pregnant: 18.932407524302
Children: 1368508

Weekly demographic report

Years after leaving ark: 83
Year: -2287
Population: 1984147
Living: 1984147
Girls: 1030889
Men: 176121
Women: 190890
Adults: 367011
Pregnant women: 91844
Children per mother: 59.746575342466
Avg. weeks pregnant: 16.420408518793
Children: 1617136

Weekly demographic report

Years after leaving ark: 84
Year: -2286
Population: 2225780
Living: 2225780
Girls: 1156267
Men: 195008
Women: 211400
Adults: 406408
Pregnant women: 210428
Children per mother: 59.852004110997
Avg. weeks pregnant: 18.556765259376
Children: 1819372

Weekly demographic report

Years after leaving ark: 85
Year: -2285
Population: 2524147
Living: 2524147
Girls: 1311700
Men: 225550
Women: 244353
Adults: 469903
Pregnant women: 243291
Children per mother: 59.787252368648
Avg. weeks pregnant: 23.699175061963
Children: 2054244

Weekly demographic report

Years after leaving ark: 86
Year: -2284
Population: 2956597
Living: 2956597
Girls: 1537026
Men: 258716
Women: 280280
Adults: 538996
Pregnant women: 278994
Children per mother: 59.893550893551
Avg. weeks pregnant: 18.168946285583
Children: 2417601

Weekly demographic report

Years after leaving ark: 87
Year: -2283
Population: 3371212
Living: 3371212
Girls: 1752604
Men: 300754
Women: 326231
Adults: 626985
Pregnant women: 324811
Children per mother: 59.792792792793
Avg. weeks pregnant: 21.246306313518
Children: 2744227

Weekly demographic report

Years after leaving ark: 88
Year: -2282
Population: 3926239
Living: 3926239
Girls: 2041023
Men: 343050
Women: 372128
Adults: 715178
Pregnant women: 370418
Children per mother: 59.881940385739
Avg. weeks pregnant: 17.782845326091
Children: 3211061

Weekly demographic report

Years after leaving ark: 89
Year: -2281
Population: 4501554
Living: 4501554
Girls: 2340247
Men: 401327
Women: 434963
Adults: 836290
Pregnant women: 433086
Children per mother: 59.784436926051
Avg. weeks pregnant: 18.854502339027
Children: 3665264

Weekly demographic report

Years after leaving ark: 90
Year: -2280
Population: 5212520
Living: 5212520
Girls: 2710442
Men: 455847
Women: 493363
Adults: 949210
Pregnant women: 491091
Children per mother: 59.904573438874
Avg. weeks pregnant: 17.407531394385
Children: 4263310

Weekly demographic report

Years after leaving ark: 91
Year: -2279
Population: 6007693
Living: 6007693
Girls: 3124166
Men: 535604
Women: 579684
Adults: 1115288
Pregnant women: 577182
Children per mother: 59.808711433757
Avg. weeks pregnant: 16.522379422782
Children: 4892405

Weekly demographic report

Years after leaving ark: 92
Year: -2278
Population: 6918607
Living: 6918607
Girls: 3597818
Men: 605556
Women: 655024
Adults: 1260580
Pregnant women: 652015
Children per mother: 59.911325141149
Avg. weeks pregnant: 17.032701701648
Children: 5658027

Weekly demographic report

Years after leaving ark: 93
Year: -2277
Population: 8015811
Living: 8015811
Girls: 4168409
Men: 714992
Women: 772780
Adults: 1487772
Pregnant women: 769481
Children per mother: 59.818458137607
Avg. weeks pregnant: 14.293857808055
Children: 6528039

Weekly demographic report

Years after leaving ark: 94
Year: -2276
Population: 9184152
Living: 9184152
Girls: 4775777
Men: 804748
Women: 870199
Adults: 1674947
Pregnant women: 862511
Children per mother: 59.907294832827
Avg. weeks pregnant: 16.726057986507
Children: 7509205

Weekly demographic report

Years after leaving ark: 95
Year: -2275
Population: 10693974
Living: 10693974
Girls: 5560975
Men: 953258
Women: 1030889
Adults: 1984147
Pregnant women: 519181
Children per mother: 59.807651881438
Avg. weeks pregnant: 23.102413223905
Children: 8709827

Weekly demographic report

Years after leaving ark: 96
Year: -2274
Population: 12191238
Living: 12191238
Girls: 6339722
Men: 1069513
Women: 1156267
Adults: 2225780
Pregnant women: 1151100
Children per mother: 59.896275071633
Avg. weeks pregnant: 16.39835809226
Children: 9965458

Weekly demographic report

Years after leaving ark: 97
Year: -2273
Population: 13615584
Living: 13615584
Girls: 7079238
Men: 1212447
Women: 1311700
Adults: 2524147
Pregnant women: 1305938
Children per mother: 59.826592356688
Avg. weeks pregnant: 27.265998079541
Children: 11091437

Weekly demographic report

Years after leaving ark: 98
Year: -2272
Population: 16191869
Living: 16191869
Girls: 8418546
Men: 1419571
Women: 1537026
Adults: 2956597
Pregnant women: 1530112
Children per mother: 59.910537634409
Avg. weeks pregnant: 15.997118511586
Children: 13235272

Weekly demographic report

Years after leaving ark: 99
Year: -2271
Population: 18163312
Living: 18163312
Girls: 9442611
Men: 1618608
Women: 1752604
Adults: 3371212
Pregnant women: 1744939
Children per mother: 59.82974137931
Avg. weeks pregnant: 25.234702187297
Children: 14792100

Weekly demographic report

Years after leaving ark: 100
Year: -2270
Population: 21507526
Living: 21507526
Girls: 11180800
Men: 1885216
Women: 2041023
Adults: 3926239
Pregnant women: 2031797
Children per mother: 59.906869078381
Avg. weeks pregnant: 15.598720246166
Children: 17581287
